Arguments: 
  /usr/local/bin/node /usr/local/lib/node_modules/yarn/bin/yarn.js add @types/vue-intersect --dev

PATH: 
  /usr/local/opt/openssl/bin:/Users/meijin/google-cloud-sdk/bin:.git/safe/../../bin:/Users/meijin/.bin:/usr/local/sbin:/Users/meijin/.cargo/bin:/usr/local/bin:/usr/bin:/bin:/usr/sbin:/sbin:/Library/Apple/usr/bin:/Users/meijin/.nodebrew/current/bin/:/Users/meijin/.fzf/bin

Yarn version: 
  1.22.5

Node version: 
  12.18.4

Platform: 
  darwin x64

Trace: 
  Error: https://registry.yarnpkg.com/@types%2fvue-intersect: Not found
      at Request.params.callback [as _callback] (/usr/local/lib/node_modules/yarn/lib/cli.js:66988:18)
      at Request.self.callback (/usr/local/lib/node_modules/yarn/lib/cli.js:140662:22)
      at Request.emit (events.js:315:20)
      at Request.<anonymous> (/usr/local/lib/node_modules/yarn/lib/cli.js:141634:10)
      at Request.emit (events.js:315:20)
      at IncomingMessage.<anonymous> (/usr/local/lib/node_modules/yarn/lib/cli.js:141556:12)
      at Object.onceWrapper (events.js:421:28)
      at IncomingMessage.emit (events.js:327:22)
      at endReadableNT (_stream_readable.js:1220:12)
      at processTicksAndRejections (internal/process/task_queues.js:84:21)

npm manifest: 
  {
    "name": "meijin_dot_me",
    "version": "1.0.0",
    "description": "It's about the Meijin",
    "author": "Texmeijin <i8858garden@gmail.com>",
    "private": true,
    "engines": {
      "note": 12
    },
    "scripts": {
      "dev": "nuxt",
      "build": "run-s build:*",
      "build:posts": "ts-node --project tsconfig.builder.json ./builder/posts.ts",
      "build:nuxt": "npm run generate",
      "start": "nuxt start",
      "generate": "nuxt generate",
      "lint": "eslint --ext .ts,.js,.vue --ignore-path .gitignore .",
      "precommit": "npm run lint"
    },
    "dependencies": {
      "@nuxtjs/google-analytics": "^2.4.0",
      "@nuxtjs/google-fonts": "^1.2.0",
      "@nuxtjs/style-resources": "^1.0.0",
      "node-sass": "^4.14.0",
      "nuxt": "2.14.11",
      "sass-loader": "^7.1.0",
      "seamless-scroll-polyfill": "^1.2.3",
      "vue-intersect": "^1.1.6",
      "vue-lazyload": "^1.3.3"
    },
    "devDependencies": {
      "@nuxt/types": "^2.14.11",
      "@nuxt/typescript-build": "^2.0.3",
      "@nuxt/typescript-runtime": "^2.0.0",
      "@nuxtjs/eslint-config-typescript": "^3.0.0",
      "babel-eslint": "^10.1.0",
      "eslint": "^7.15.0",
      "eslint-friendly-formatter": "^4.0.1",
      "eslint-loader": "^4.0.0",
      "eslint-plugin-vue": "^7.2.0",
      "fs-extra": "^8.1.0",
      "npm-run-all": "^4.1.5",
      "prettier-eslint": "^11.0.0",
      "rss-parser": "^3.10.0",
      "ts-node": "^9.1.1",
      "typescript": "4.0.3"
    }
  }

yarn manifest: 
  No manifest

Lockfile: 
  No lockfile
